DEBUG:asyncio:Using proactor: IocpProactor
DEBUG:pymodbus.logging:Awaiting connections server_listener
INFO:pymodbus.logging:Server listening.
DEBUG:pymodbus.logging:Connection to Modbus server established. Socket ('::1', 59913, 0, 0)
DEBUG:pymodbus.logging:Current transaction state - IDLE
DEBUG:pymodbus.logging:Running transaction 1
DEBUG:pymodbus.logging:SEND: 0x0 0x1 0x0 0x0 0x0 0x6 0x0 0x3 0x0 0x0 0x0 0xf
DEBUG:pymodbus.logging:New Transaction state "SENDING"
DEBUG:pymodbus.logging:Connected to server
DEBUG:pymodbus.logging:Changing transaction state from "SENDING" to "WAITING FOR REPLY"
DEBUG:pymodbus.logging:recv: 0x0 0x1 0x0 0x0 0x0 0x6 0x0 0x3 0x0 0x0 0x0 0xf old_data:  addr=None
DEBUG:pymodbus.logging:Handling data: 0x0 0x1 0x0 0x0 0x0 0x6 0x0 0x3 0x0 0x0 0x0 0xf
DEBUG:pymodbus.logging:Processing: 0x0 0x1 0x0 0x0 0x0 0x6 0x0 0x3 0x0 0x0 0x0 0xf
DEBUG:pymodbus.logging:Factory Request[ReadHoldingRegistersRequest': 3]
DEBUG:pymodbus.logging:validate: fc-[3] address-1: count-15
DEBUG:pymodbus.logging:getValues: fc-[3] address-1: count-15
DEBUG:pymodbus.logging:send: 0x0 0x1 0x0 0x0 0x0 0x21 0x0 0x3 0x1e 0x0 0x0 0x0 0x0 0x0 0x0 0x0 0x0 0x0 0x0 0x0 0x0 0x0 0x0 0x0 0x0 0x0 0x0 0x0 0x0 0x0 0x0 0x0 0x0 0x0 0x0 0x0 0x0 0x0 0x0
DEBUG:pymodbus.logging:Changing transaction state from "WAITING FOR REPLY" to "PROCESSING REPLY"
DEBUG:pymodbus.logging:RECV: 0x0 0x1 0x0 0x0 0x0 0x21 0x0 0x3 0x1e 0x0 0x0 0x0 0x0 0x0 0x0 0x0 0x0 0x0 0x0 0x0 0x0 0x0 0x0 0x0 0x0 0x0 0x0 0x0 0x0 0x0 0x0 0x0 0x0 0x0 0x0 0x0 0x0 0x0 0x0
DEBUG:pymodbus.logging:Processing: 0x0 0x1 0x0 0x0 0x0 0x21 0x0 0x3 0x1e 0x0 0x0 0x0 0x0 0x0 0x0 0x0 0x0 0x0 0x0 0x0 0x0 0x0 0x0 0x0 0x0 0x0 0x0 0x0 0x0 0x0 0x0 0x0 0x0 0x0 0x0 0x0 0x0 0x0 0x0
DEBUG:pymodbus.logging:Factory Response[ReadHoldingRegistersResponse': 3]
DEBUG:pymodbus.logging:Adding transaction 1
DEBUG:pymodbus.logging:Getting transaction 1
DEBUG:pymodbus.logging:Changing transaction state from "PROCESSING REPLY" to "TRANSACTION_COMPLETE"
DEBUG:pymodbus.logging:-> transport: received eof
DEBUG:pymodbus.logging:Connection lost server due to None
DEBUG:pymodbus.logging:Handler for stream [server] has been canceled
